2025-03-18 13:21:07,544 [INFO] Loading MastergoalGame...
2025-03-18 13:21:07,545 [INFO] Loading NNetWrapper...
2025-03-18 13:21:07,640 [INFO] Loading checkpoint "./KAGGLE_17/checkpoint_0.pth.tar"...
2025-03-18 13:22:00,941 [INFO] Loading MastergoalGame...
2025-03-18 13:22:00,941 [INFO] Loading NNetWrapper...
2025-03-18 13:22:01,035 [WARNING] Not loading a checkpoint!
2025-03-18 13:22:01,036 [INFO] Loading the Coach...
2025-03-18 13:22:01,131 [INFO] Starting the learning process!!
2025-03-18 13:22:01,131 [INFO] Starting Iter #1 ...
2025-03-18 13:29:39,287 [INFO] Loading MastergoalGame...
2025-03-18 13:29:39,287 [INFO] Loading NNetWrapper...
2025-03-18 13:29:39,382 [WARNING] Not loading a checkpoint!
2025-03-18 13:29:39,382 [INFO] Loading the Coach...
2025-03-18 13:29:39,479 [INFO] Starting the learning process!!
2025-03-18 13:29:39,479 [INFO] Starting Iter #1 ...
2025-03-18 14:28:17,436 [INFO] Loading MastergoalGame...
2025-03-18 14:28:17,437 [INFO] Loading NNetWrapper...
2025-03-18 14:28:17,517 [WARNING] Not loading a checkpoint!
2025-03-18 14:28:17,518 [INFO] Loading the Coach...
2025-03-18 14:46:46,417 [INFO] Loading MastergoalGame...
2025-03-18 14:46:46,418 [INFO] Loading NNetWrapper...
2025-03-18 14:46:46,514 [WARNING] Not loading a checkpoint!
2025-03-18 14:46:46,514 [INFO] Loading the Coach...
2025-03-18 14:46:46,604 [INFO] Starting the learning process!!
2025-03-18 14:46:46,605 [INFO] Starting Iter #1 ...
2025-03-18 14:47:29,604 [INFO] Loading MastergoalGame...
2025-03-18 14:47:29,605 [INFO] Loading NNetWrapper...
2025-03-18 14:47:29,683 [WARNING] Not loading a checkpoint!
2025-03-18 14:47:29,683 [INFO] Loading the Coach...
2025-03-18 14:47:29,768 [INFO] Starting the learning process!!
2025-03-18 14:47:29,769 [INFO] Starting Iter #1 ...
2025-03-18 14:53:23,335 [INFO] Loading MastergoalGame...
2025-03-18 14:53:23,336 [INFO] Loading NNetWrapper...
2025-03-18 14:53:23,411 [WARNING] Not loading a checkpoint!
2025-03-18 14:53:23,412 [INFO] Loading the Coach...
2025-03-18 14:53:23,499 [INFO] Starting the learning process!!
2025-03-18 14:53:23,500 [INFO] Starting Iter #1 ...
2025-03-18 15:25:30,135 [INFO] Loading MastergoalGame...
2025-03-18 15:25:30,136 [INFO] Loading NNetWrapper...
2025-03-18 15:25:30,215 [WARNING] Not loading a checkpoint!
2025-03-18 15:25:30,217 [INFO] Loading the Coach...
2025-03-18 15:25:30,298 [INFO] Starting the learning process!!
2025-03-18 15:25:30,299 [INFO] Starting Iter #1 ...
2025-03-18 15:29:40,539 [INFO] Loading MastergoalGame...
2025-03-18 15:29:40,539 [INFO] Loading NNetWrapper...
2025-03-18 15:29:40,623 [WARNING] Not loading a checkpoint!
2025-03-18 15:29:40,624 [INFO] Loading the Coach...
2025-03-18 15:29:40,703 [INFO] Starting the learning process!!
2025-03-18 15:29:40,704 [INFO] Starting Iter #1 ...
